<?xml version="1.0" encoding="UTF-8"?>
<testsuites name="TS_STORE" time="28.069" tests="3" failures="0" errors="0">
   <testsuite name="TS_STORE" tests="3" failures="0" errors="0" time="28.069" skipped="0" timestamp="2023-05-27 15:31:09" hostname="LY NGUYEN - DESKTOP-U2ICIKM.localdomain" id="Test Suites/Testsuite/TS_STORE">
      <properties>
         <property name="deviceName" value=""/>
         <property name="devicePlatform" value=""/>
         <property name="logFolder" value="D:\\CNTT\\KLTN\\demo\\Reports\\20230527_153058\\Testsuite\\TS_STORE\\20230527_153058"/>
         <property name="logFiles" value="D:\\CNTT\\KLTN\\demo\\Reports\\20230527_153058\\Testsuite\\TS_STORE\\20230527_153058\\execution0.log"/>
         <property name="attachments" value=""/>
         <property name="hostName" value="LY NGUYEN - DESKTOP-U2ICIKM.localdomain"/>
         <property name="os" value="Windows 10 64bit"/>
         <property name="katalonVersion" value="8.4.0.208"/>
         <property name="browser" value="Chrome 113.0.0.0"/>
         <property name="hostAddress" value="10.17.13.87"/>
         <property name="sessionId" value="524595caffc4709569211650bfe733a9"/>
         <property name="seleniumVersion" value="3.141.59"/>
         <property name="proxyInformation" value="ProxyInformation { proxyOption=NO_PROXY, proxyServerType=HTTP, username=, password=********, proxyServerAddress=, proxyServerPort=0, executionList=&quot;&quot;, isApplyToDesiredCapabilities=true }"/>
         <property name="platform" value="Windows 10"/>
      </properties>
      <testcase name="Test Cases/Test_Web/Login" time="14.557" classname="Test Cases/Test_Web/Login" status="PASSED">
         <system-out><![CDATA[2023-05-27 15:31:09 - [TEST_CASE][PASSED] - Test Cases/Test_Web/Login: Test Cases/Test_Web/Login

2023-05-27 15:31:09 - [TEST_STEP][PASSED] - openBrowser(""): Browser is opened with url: ''

2023-05-27 15:31:10 - [MESSAGE][INFO] - Starting 'Chrome' driver

2023-05-27 15:31:10 - [MESSAGE][INFO] - Action delay is set to 0 milliseconds

2023-05-27 15:31:12 - [MESSAGE][PASSED] - Browser is opened with url: ''

2023-05-27 15:31:12 - [TEST_STEP][PASSED] - customMethod_Store.Login_Store.loginStore(): customMethod_Store.Login_Store.loginStore is PASSED

2023-05-27 15:31:12 - [MESSAGE][WARNING] - A browser is already opened. Closing browser and opening a new one

2023-05-27 15:31:13 - [MESSAGE][INFO] - Starting 'Chrome' driver

2023-05-27 15:31:13 - [MESSAGE][INFO] - Action delay is set to 0 milliseconds

2023-05-27 15:31:14 - [MESSAGE][PASSED] - Browser is opened with url: ''

2023-05-27 15:31:15 - [MESSAGE][PASSED] - Navigate to 'http://localhost:3000/account/login' successfully

2023-05-27 15:31:17 - [MESSAGE][PASSED] - Delayed 2 second(s)

2023-05-27 15:31:18 - [MESSAGE][PASSED] - Text 'nguyen@gmail.com' is set on object 'Object Repository/Object_Store/Login_Store/input_Email_email'

2023-05-27 15:31:20 - [MESSAGE][PASSED] - Delayed 2 second(s)

2023-05-27 15:31:21 - [MESSAGE][PASSED] - Text ****** has been set on object 'Object Repository/Object_Store/Login_Store/input_Mt khu_password'

2023-05-27 15:31:23 - [MESSAGE][PASSED] - Delayed 2 second(s)

2023-05-27 15:31:23 - [MESSAGE][PASSED] - Object: 'Object Repository/Object_Store/Login_Store/button_ng nhp' is clicked on

2023-05-27 15:31:24 - [MESSAGE][PASSED] - Browser is closed

2023-05-27 15:31:24 - [MESSAGE][PASSED] - customMethod_Store.Login_Store.loginStore is PASSED]]></system-out>
         <system-err><![CDATA[]]></system-err>
      </testcase>
      <testcase name="Test Cases/Test_Web/Search" time="6.492" classname="Test Cases/Test_Web/Search" status="PASSED">
         <system-out><![CDATA[2023-05-27 15:31:24 - [TEST_CASE][PASSED] - Test Cases/Test_Web/Search: Test Cases/Test_Web/Search

2023-05-27 15:31:24 - [TEST_STEP][PASSED] - openBrowser(""): Browser is opened with url: ''

2023-05-27 15:31:24 - [MESSAGE][INFO] - Starting 'Chrome' driver

2023-05-27 15:31:24 - [MESSAGE][INFO] - Action delay is set to 0 milliseconds

2023-05-27 15:31:25 - [MESSAGE][PASSED] - Browser is opened with url: ''

2023-05-27 15:31:25 - [TEST_STEP][PASSED] - navigateToUrl("http://localhost:3000/"): Navigate to 'http://localhost:3000/' successfully

2023-05-27 15:31:27 - [MESSAGE][PASSED] - Navigate to 'http://localhost:3000/' successfully

2023-05-27 15:31:27 - [TEST_STEP][PASSED] - setText(findTestObject("Object Repository/Object_Store/Search_Store/input_C hi vic lm_header__search-text"), "quần"): Text 'quần' is set on object 'Object Repository/Object_Store/Search_Store/input_C hi vic lm_header__search-text'

2023-05-27 15:31:29 - [MESSAGE][PASSED] - Text 'quần' is set on object 'Object Repository/Object_Store/Search_Store/input_C hi vic lm_header__search-text'

2023-05-27 15:31:29 - [TEST_STEP][PASSED] - click(findTestObject("Object Repository/Object_Store/Search_Store/a_Qun short nam ORENO ty u vi chng nhn chng_9dc427")): Object: 'Object Repository/Object_Store/Search_Store/a_Qun short nam ORENO ty u vi chng nhn chng_9dc427' is clicked on

2023-05-27 15:31:29 - [MESSAGE][PASSED] - Object: 'Object Repository/Object_Store/Search_Store/a_Qun short nam ORENO ty u vi chng nhn chng_9dc427' is clicked on

2023-05-27 15:31:29 - [TEST_STEP][PASSED] - click(findTestObject("Object Repository/Object_Store/Search_Store/button_Qun short nam ngn ha tit Dri Fit 100_ca07b2")): Object: 'Object Repository/Object_Store/Search_Store/button_Qun short nam ngn ha tit Dri Fit 100_ca07b2' is clicked on

2023-05-27 15:31:30 - [MESSAGE][PASSED] - Object: 'Object Repository/Object_Store/Search_Store/button_Qun short nam ngn ha tit Dri Fit 100_ca07b2' is clicked on

2023-05-27 15:31:30 - [TEST_STEP][PASSED] - closeBrowser(): Browser is closed

2023-05-27 15:31:30 - [MESSAGE][PASSED] - Browser is closed]]></system-out>
         <system-err><![CDATA[]]></system-err>
      </testcase>
      <testcase name="Test Cases/Test_Web/Sign" time="6.738" classname="Test Cases/Test_Web/Sign" status="PASSED">
         <system-out><![CDATA[2023-05-27 15:31:30 - [TEST_CASE][PASSED] - Test Cases/Test_Web/Sign: Test Cases/Test_Web/Sign

2023-05-27 15:31:30 - [TEST_STEP][PASSED] - openBrowser(""): Browser is opened with url: ''

2023-05-27 15:31:30 - [MESSAGE][INFO] - Starting 'Chrome' driver

2023-05-27 15:31:30 - [MESSAGE][INFO] - Action delay is set to 0 milliseconds

2023-05-27 15:31:32 - [MESSAGE][PASSED] - Browser is opened with url: ''

2023-05-27 15:31:32 - [TEST_STEP][PASSED] - navigateToUrl("http://localhost:3000/account/register"): Navigate to 'http://localhost:3000/account/register' successfully

2023-05-27 15:31:33 - [MESSAGE][PASSED] - Navigate to 'http://localhost:3000/account/register' successfully

2023-05-27 15:31:33 - [TEST_STEP][PASSED] - setText(findTestObject("Object Repository/Object_Store/Sign_Store/input_Tn_name"), "Ten12"): Text 'Ten12' is set on object 'Object Repository/Object_Store/Sign_Store/input_Tn_name'

2023-05-27 15:31:35 - [MESSAGE][PASSED] - Text 'Ten12' is set on object 'Object Repository/Object_Store/Sign_Store/input_Tn_name'

2023-05-27 15:31:35 - [TEST_STEP][PASSED] - setText(findTestObject("Object Repository/Object_Store/Sign_Store/input_Email_email"), "ten@gmail.com"): Text 'ten@gmail.com' is set on object 'Object Repository/Object_Store/Sign_Store/input_Email_email'

2023-05-27 15:31:36 - [MESSAGE][PASSED] - Text 'ten@gmail.com' is set on object 'Object Repository/Object_Store/Sign_Store/input_Email_email'

2023-05-27 15:31:36 - [TEST_STEP][PASSED] - setEncryptedText(findTestObject("Object Repository/Object_Store/Sign_Store/input_Mt khu_password"), "RigbBhfdqODKcAsiUrg+1Q=="): Text ****** has been set on object 'Object Repository/Object_Store/Sign_Store/input_Mt khu_password'

2023-05-27 15:31:36 - [MESSAGE][PASSED] - Text ****** has been set on object 'Object Repository/Object_Store/Sign_Store/input_Mt khu_password'

2023-05-27 15:31:36 - [TEST_STEP][PASSED] - click(findTestObject("Object Repository/Object_Store/Sign_Store/button_ng k")): Object: 'Object Repository/Object_Store/Sign_Store/button_ng k' is clicked on

2023-05-27 15:31:36 - [MESSAGE][PASSED] - Object: 'Object Repository/Object_Store/Sign_Store/button_ng k' is clicked on

2023-05-27 15:31:36 - [TEST_STEP][PASSED] - closeBrowser(): Browser is closed

2023-05-27 15:31:37 - [MESSAGE][PASSED] - Browser is closed]]></system-out>
         <system-err><![CDATA[]]></system-err>
      </testcase>
      <system-out><![CDATA[2023-05-27 15:31:09 - [TEST_SUITE][PASSED] - TS_STORE: Test Cases/Test_Web/Sign]]></system-out>
      <system-err><![CDATA[]]></system-err>
   </testsuite>
</testsuites>
