<?xml version="1.0" encoding="UTF-8"?>
<testsuites name="New Test Suite" time="33.181" tests="3" failures="0" errors="0">
   <testsuite name="New Test Suite" tests="3" failures="0" errors="0" time="33.181" skipped="0" timestamp="2023-05-26 20:52:28" hostname="LY NGUYEN - DESKTOP-U2ICIKM" id="Test Suites/New Folder/New Test Suite">
      <properties>
         <property name="deviceName" value=""/>
         <property name="devicePlatform" value=""/>
         <property name="logFolder" value="D:\\CNTT\\KLTN\\demo\\Reports\\20230526_205215\\New Folder\\New Test Suite\\20230526_205215"/>
         <property name="logFiles" value="D:\\CNTT\\KLTN\\demo\\Reports\\20230526_205215\\New Folder\\New Test Suite\\20230526_205215\\execution0.log"/>
         <property name="attachments" value=""/>
         <property name="hostName" value="LY NGUYEN - DESKTOP-U2ICIKM"/>
         <property name="os" value="Windows 10 64bit"/>
         <property name="katalonVersion" value="8.4.0.208"/>
         <property name="browser" value="Chrome 113.0.0.0"/>
         <property name="hostAddress" value="192.168.1.13"/>
         <property name="sessionId" value="9262c4cd0589d0a71b1653ceb4401641"/>
         <property name="seleniumVersion" value="3.141.59"/>
         <property name="proxyInformation" value="ProxyInformation { proxyOption=NO_PROXY, proxyServerType=HTTP, username=, password=********, proxyServerAddress=, proxyServerPort=0, executionList=&quot;&quot;, isApplyToDesiredCapabilities=true }"/>
         <property name="platform" value="Windows 10"/>
      </properties>
      <testcase name="Test Cases/Test_Web/Login" time="16.553" classname="Test Cases/Test_Web/Login" status="PASSED">
         <system-out><![CDATA[2023-05-26 20:52:28 - [TEST_CASE][PASSED] - Test Cases/Test_Web/Login: Test Cases/Test_Web/Login

2023-05-26 20:52:28 - [TEST_STEP][PASSED] - openBrowser(""): Browser is opened with url: ''

2023-05-26 20:52:29 - [MESSAGE][INFO] - Starting 'Chrome' driver

2023-05-26 20:52:29 - [MESSAGE][INFO] - Action delay is set to 0 milliseconds

2023-05-26 20:52:31 - [MESSAGE][PASSED] - Browser is opened with url: ''

2023-05-26 20:52:31 - [TEST_STEP][PASSED] - customMethod_Store.Login_Store.loginStore(): customMethod_Store.Login_Store.loginStore is PASSED

2023-05-26 20:52:31 - [MESSAGE][WARNING] - A browser is already opened. Closing browser and opening a new one

2023-05-26 20:52:32 - [MESSAGE][INFO] - Starting 'Chrome' driver

2023-05-26 20:52:32 - [MESSAGE][INFO] - Action delay is set to 0 milliseconds

2023-05-26 20:52:33 - [MESSAGE][PASSED] - Browser is opened with url: ''

2023-05-26 20:52:36 - [MESSAGE][PASSED] - Navigate to 'http://localhost:3000/account/login' successfully

2023-05-26 20:52:38 - [MESSAGE][PASSED] - Delayed 2 second(s)

2023-05-26 20:52:39 - [MESSAGE][PASSED] - Text 'nguyen@gmail.com' is set on object 'Object Repository/Object_Store/Login_Store/input_Email_email'

2023-05-26 20:52:41 - [MESSAGE][PASSED] - Delayed 2 second(s)

2023-05-26 20:52:41 - [MESSAGE][PASSED] - Text ****** has been set on object 'Object Repository/Object_Store/Login_Store/input_Mt khu_password'

2023-05-26 20:52:43 - [MESSAGE][PASSED] - Delayed 2 second(s)

2023-05-26 20:52:44 - [MESSAGE][PASSED] - Object: 'Object Repository/Object_Store/Login_Store/button_ng nhp' is clicked on

2023-05-26 20:52:44 - [MESSAGE][PASSED] - Browser is closed

2023-05-26 20:52:44 - [MESSAGE][PASSED] - customMethod_Store.Login_Store.loginStore is PASSED]]></system-out>
         <system-err><![CDATA[]]></system-err>
      </testcase>
      <testcase name="Test Cases/Test_Web/Search" time="7.613" classname="Test Cases/Test_Web/Search" status="PASSED">
         <system-out><![CDATA[2023-05-26 20:52:44 - [TEST_CASE][PASSED] - Test Cases/Test_Web/Search: Test Cases/Test_Web/Search

2023-05-26 20:52:45 - [TEST_STEP][PASSED] - openBrowser(""): Browser is opened with url: ''

2023-05-26 20:52:45 - [MESSAGE][INFO] - Starting 'Chrome' driver

2023-05-26 20:52:45 - [MESSAGE][INFO] - Action delay is set to 0 milliseconds

2023-05-26 20:52:46 - [MESSAGE][PASSED] - Browser is opened with url: ''

2023-05-26 20:52:46 - [TEST_STEP][PASSED] - navigateToUrl("http://localhost:3000/"): Navigate to 'http://localhost:3000/' successfully

2023-05-26 20:52:48 - [MESSAGE][PASSED] - Navigate to 'http://localhost:3000/' successfully

2023-05-26 20:52:48 - [TEST_STEP][PASSED] - setText(findTestObject("Object Repository/Object_Store/Search_Store/input_C hi vic lm_header__search-text"), "quần"): Text 'quần' is set on object 'Object Repository/Object_Store/Search_Store/input_C hi vic lm_header__search-text'

2023-05-26 20:52:50 - [MESSAGE][PASSED] - Text 'quần' is set on object 'Object Repository/Object_Store/Search_Store/input_C hi vic lm_header__search-text'

2023-05-26 20:52:50 - [TEST_STEP][PASSED] - click(findTestObject("Object Repository/Object_Store/Search_Store/a_Qun short nam ORENO ty u vi chng nhn chng_9dc427")): Object: 'Object Repository/Object_Store/Search_Store/a_Qun short nam ORENO ty u vi chng nhn chng_9dc427' is clicked on

2023-05-26 20:52:51 - [MESSAGE][PASSED] - Object: 'Object Repository/Object_Store/Search_Store/a_Qun short nam ORENO ty u vi chng nhn chng_9dc427' is clicked on

2023-05-26 20:52:51 - [TEST_STEP][PASSED] - click(findTestObject("Object Repository/Object_Store/Search_Store/button_Qun short nam ngn ha tit Dri Fit 100_ca07b2")): Object: 'Object Repository/Object_Store/Search_Store/button_Qun short nam ngn ha tit Dri Fit 100_ca07b2' is clicked on

2023-05-26 20:52:51 - [MESSAGE][PASSED] - Object: 'Object Repository/Object_Store/Search_Store/button_Qun short nam ngn ha tit Dri Fit 100_ca07b2' is clicked on

2023-05-26 20:52:51 - [TEST_STEP][PASSED] - closeBrowser(): Browser is closed

2023-05-26 20:52:52 - [MESSAGE][PASSED] - Browser is closed]]></system-out>
         <system-err><![CDATA[]]></system-err>
      </testcase>
      <testcase name="Test Cases/Test_Web/Sign" time="8.708" classname="Test Cases/Test_Web/Sign" status="PASSED">
         <system-out><![CDATA[2023-05-26 20:52:52 - [TEST_CASE][PASSED] - Test Cases/Test_Web/Sign: Test Cases/Test_Web/Sign

2023-05-26 20:52:52 - [TEST_STEP][PASSED] - openBrowser(""): Browser is opened with url: ''

2023-05-26 20:52:52 - [MESSAGE][INFO] - Starting 'Chrome' driver

2023-05-26 20:52:52 - [MESSAGE][INFO] - Action delay is set to 0 milliseconds

2023-05-26 20:52:54 - [MESSAGE][PASSED] - Browser is opened with url: ''

2023-05-26 20:52:54 - [TEST_STEP][PASSED] - navigateToUrl("http://localhost:3000/account/register"): Navigate to 'http://localhost:3000/account/register' successfully

2023-05-26 20:52:55 - [MESSAGE][PASSED] - Navigate to 'http://localhost:3000/account/register' successfully

2023-05-26 20:52:55 - [TEST_STEP][PASSED] - setText(findTestObject("Object Repository/Object_Store/Sign_Store/input_Tn_name"), "Ten12"): Text 'Ten12' is set on object 'Object Repository/Object_Store/Sign_Store/input_Tn_name'

2023-05-26 20:52:58 - [MESSAGE][PASSED] - Text 'Ten12' is set on object 'Object Repository/Object_Store/Sign_Store/input_Tn_name'

2023-05-26 20:52:58 - [TEST_STEP][PASSED] - setText(findTestObject("Object Repository/Object_Store/Sign_Store/input_Email_email"), "ten@gmail.com"): Text 'ten@gmail.com' is set on object 'Object Repository/Object_Store/Sign_Store/input_Email_email'

2023-05-26 20:52:59 - [MESSAGE][PASSED] - Text 'ten@gmail.com' is set on object 'Object Repository/Object_Store/Sign_Store/input_Email_email'

2023-05-26 20:52:59 - [TEST_STEP][PASSED] - setEncryptedText(findTestObject("Object Repository/Object_Store/Sign_Store/input_Mt khu_password"), "RigbBhfdqODKcAsiUrg+1Q=="): Text ****** has been set on object 'Object Repository/Object_Store/Sign_Store/input_Mt khu_password'

2023-05-26 20:52:59 - [MESSAGE][PASSED] - Text ****** has been set on object 'Object Repository/Object_Store/Sign_Store/input_Mt khu_password'

2023-05-26 20:52:59 - [TEST_STEP][PASSED] - click(findTestObject("Object Repository/Object_Store/Sign_Store/button_ng k")): Object: 'Object Repository/Object_Store/Sign_Store/button_ng k' is clicked on

2023-05-26 20:53:00 - [MESSAGE][PASSED] - Object: 'Object Repository/Object_Store/Sign_Store/button_ng k' is clicked on

2023-05-26 20:53:00 - [TEST_STEP][PASSED] - closeBrowser(): Browser is closed

2023-05-26 20:53:01 - [MESSAGE][PASSED] - Browser is closed]]></system-out>
         <system-err><![CDATA[]]></system-err>
      </testcase>
      <system-out><![CDATA[2023-05-26 20:52:28 - [TEST_SUITE][PASSED] - New Test Suite: Test Cases/Test_Web/Sign]]></system-out>
      <system-err><![CDATA[]]></system-err>
   </testsuite>
</testsuites>
