<?xml version="1.0" encoding="UTF-8"?>
<testsuites name="New Test Suite" time="30.857" tests="3" failures="0" errors="0">
   <testsuite name="New Test Suite" tests="3" failures="0" errors="0" time="30.857" skipped="0" timestamp="2023-05-26 20:25:12" hostname="LY NGUYEN - DESKTOP-U2ICIKM" id="Test Suites/New Test Suite">
      <properties>
         <property name="deviceName" value=""/>
         <property name="devicePlatform" value=""/>
         <property name="logFolder" value="D:\\CNTT\\KLTN\\demo\\Reports\\20230526_202501\\New Test Suite\\20230526_202501"/>
         <property name="logFiles" value="D:\\CNTT\\KLTN\\demo\\Reports\\20230526_202501\\New Test Suite\\20230526_202501\\execution0.log"/>
         <property name="attachments" value=""/>
         <property name="hostName" value="LY NGUYEN - DESKTOP-U2ICIKM"/>
         <property name="os" value="Windows 10 64bit"/>
         <property name="katalonVersion" value="8.4.0.208"/>
         <property name="browser" value="Chrome 113.0.0.0"/>
         <property name="hostAddress" value="192.168.1.13"/>
         <property name="sessionId" value="ea0243b6be65e0a68abb75e713708ec2"/>
         <property name="seleniumVersion" value="3.141.59"/>
         <property name="proxyInformation" value="ProxyInformation { proxyOption=NO_PROXY, proxyServerType=HTTP, username=, password=********, proxyServerAddress=, proxyServerPort=0, executionList=&quot;&quot;, isApplyToDesiredCapabilities=true }"/>
         <property name="platform" value="Windows 10"/>
      </properties>
      <testcase name="Test Cases/Test_Web/Login" time="14.724" classname="Test Cases/Test_Web/Login" status="PASSED">
         <system-out><![CDATA[2023-05-26 20:25:13 - [TEST_CASE][PASSED] - Test Cases/Test_Web/Login: Test Cases/Test_Web/Login

2023-05-26 20:25:13 - [TEST_STEP][PASSED] - openBrowser(""): Browser is opened with url: ''

2023-05-26 20:25:13 - [MESSAGE][INFO] - Starting 'Chrome' driver

2023-05-26 20:25:13 - [MESSAGE][INFO] - Action delay is set to 0 milliseconds

2023-05-26 20:25:15 - [MESSAGE][PASSED] - Browser is opened with url: ''

2023-05-26 20:25:15 - [TEST_STEP][PASSED] - customMethod_Store.Login_Store.loginStore(): customMethod_Store.Login_Store.loginStore is PASSED

2023-05-26 20:25:15 - [MESSAGE][WARNING] - A browser is already opened. Closing browser and opening a new one

2023-05-26 20:25:16 - [MESSAGE][INFO] - Starting 'Chrome' driver

2023-05-26 20:25:16 - [MESSAGE][INFO] - Action delay is set to 0 milliseconds

2023-05-26 20:25:17 - [MESSAGE][PASSED] - Browser is opened with url: ''

2023-05-26 20:25:19 - [MESSAGE][PASSED] - Navigate to 'http://localhost:3000/account/login' successfully

2023-05-26 20:25:21 - [MESSAGE][PASSED] - Delayed 2 second(s)

2023-05-26 20:25:22 - [MESSAGE][PASSED] - Text 'nguyen@gmail.com' is set on object 'Object Repository/Object_Store/Login_Store/input_Email_email'

2023-05-26 20:25:24 - [MESSAGE][PASSED] - Delayed 2 second(s)

2023-05-26 20:25:24 - [MESSAGE][PASSED] - Text ****** has been set on object 'Object Repository/Object_Store/Login_Store/input_Mt khu_password'

2023-05-26 20:25:26 - [MESSAGE][PASSED] - Delayed 2 second(s)

2023-05-26 20:25:27 - [MESSAGE][PASSED] - Object: 'Object Repository/Object_Store/Login_Store/button_ng nhp' is clicked on

2023-05-26 20:25:27 - [MESSAGE][PASSED] - Browser is closed

2023-05-26 20:25:27 - [MESSAGE][PASSED] - customMethod_Store.Login_Store.loginStore is PASSED]]></system-out>
         <system-err><![CDATA[]]></system-err>
      </testcase>
      <testcase name="Test Cases/Test_Web/Search" time="8.831" classname="Test Cases/Test_Web/Search" status="PASSED">
         <system-out><![CDATA[2023-05-26 20:25:27 - [TEST_CASE][PASSED] - Test Cases/Test_Web/Search: Test Cases/Test_Web/Search

2023-05-26 20:25:28 - [TEST_STEP][PASSED] - openBrowser(""): Browser is opened with url: ''

2023-05-26 20:25:28 - [MESSAGE][INFO] - Starting 'Chrome' driver

2023-05-26 20:25:28 - [MESSAGE][INFO] - Action delay is set to 0 milliseconds

2023-05-26 20:25:29 - [MESSAGE][PASSED] - Browser is opened with url: ''

2023-05-26 20:25:29 - [TEST_STEP][PASSED] - navigateToUrl("http://localhost:3000/"): Navigate to 'http://localhost:3000/' successfully

2023-05-26 20:25:32 - [MESSAGE][PASSED] - Navigate to 'http://localhost:3000/' successfully

2023-05-26 20:25:32 - [TEST_STEP][PASSED] - setText(findTestObject("Object Repository/Object_Store/Search_Store/input_C hi vic lm_header__search-text"), "quần"): Text 'quần' is set on object 'Object Repository/Object_Store/Search_Store/input_C hi vic lm_header__search-text'

2023-05-26 20:25:34 - [MESSAGE][PASSED] - Text 'quần' is set on object 'Object Repository/Object_Store/Search_Store/input_C hi vic lm_header__search-text'

2023-05-26 20:25:34 - [TEST_STEP][PASSED] - click(findTestObject("Object Repository/Object_Store/Search_Store/a_Qun short nam ORENO ty u vi chng nhn chng_9dc427")): Object: 'Object Repository/Object_Store/Search_Store/a_Qun short nam ORENO ty u vi chng nhn chng_9dc427' is clicked on

2023-05-26 20:25:35 - [MESSAGE][PASSED] - Object: 'Object Repository/Object_Store/Search_Store/a_Qun short nam ORENO ty u vi chng nhn chng_9dc427' is clicked on

2023-05-26 20:25:35 - [TEST_STEP][PASSED] - click(findTestObject("Object Repository/Object_Store/Search_Store/button_Qun short nam ngn ha tit Dri Fit 100_ca07b2")): Object: 'Object Repository/Object_Store/Search_Store/button_Qun short nam ngn ha tit Dri Fit 100_ca07b2' is clicked on

2023-05-26 20:25:35 - [MESSAGE][PASSED] - Object: 'Object Repository/Object_Store/Search_Store/button_Qun short nam ngn ha tit Dri Fit 100_ca07b2' is clicked on

2023-05-26 20:25:35 - [TEST_STEP][PASSED] - closeBrowser(): Browser is closed

2023-05-26 20:25:36 - [MESSAGE][PASSED] - Browser is closed]]></system-out>
         <system-err><![CDATA[]]></system-err>
      </testcase>
      <testcase name="Test Cases/Test_Web/Sign" time="7.019" classname="Test Cases/Test_Web/Sign" status="PASSED">
         <system-out><![CDATA[2023-05-26 20:25:36 - [TEST_CASE][PASSED] - Test Cases/Test_Web/Sign: Test Cases/Test_Web/Sign

2023-05-26 20:25:37 - [TEST_STEP][PASSED] - openBrowser(""): Browser is opened with url: ''

2023-05-26 20:25:37 - [MESSAGE][INFO] - Starting 'Chrome' driver

2023-05-26 20:25:37 - [MESSAGE][INFO] - Action delay is set to 0 milliseconds

2023-05-26 20:25:38 - [MESSAGE][PASSED] - Browser is opened with url: ''

2023-05-26 20:25:38 - [TEST_STEP][PASSED] - navigateToUrl("http://localhost:3000/account/register"): Navigate to 'http://localhost:3000/account/register' successfully

2023-05-26 20:25:40 - [MESSAGE][PASSED] - Navigate to 'http://localhost:3000/account/register' successfully

2023-05-26 20:25:40 - [TEST_STEP][PASSED] - setText(findTestObject("Object Repository/Object_Store/Sign_Store/input_Tn_name"), "Ten12"): Text 'Ten12' is set on object 'Object Repository/Object_Store/Sign_Store/input_Tn_name'

2023-05-26 20:25:41 - [MESSAGE][PASSED] - Text 'Ten12' is set on object 'Object Repository/Object_Store/Sign_Store/input_Tn_name'

2023-05-26 20:25:41 - [TEST_STEP][PASSED] - setText(findTestObject("Object Repository/Object_Store/Sign_Store/input_Email_email"), "ten@gmail.com"): Text 'ten@gmail.com' is set on object 'Object Repository/Object_Store/Sign_Store/input_Email_email'

2023-05-26 20:25:42 - [MESSAGE][PASSED] - Text 'ten@gmail.com' is set on object 'Object Repository/Object_Store/Sign_Store/input_Email_email'

2023-05-26 20:25:42 - [TEST_STEP][PASSED] - setEncryptedText(findTestObject("Object Repository/Object_Store/Sign_Store/input_Mt khu_password"), "RigbBhfdqODKcAsiUrg+1Q=="): Text ****** has been set on object 'Object Repository/Object_Store/Sign_Store/input_Mt khu_password'

2023-05-26 20:25:42 - [MESSAGE][PASSED] - Text ****** has been set on object 'Object Repository/Object_Store/Sign_Store/input_Mt khu_password'

2023-05-26 20:25:42 - [TEST_STEP][PASSED] - click(findTestObject("Object Repository/Object_Store/Sign_Store/button_ng k")): Object: 'Object Repository/Object_Store/Sign_Store/button_ng k' is clicked on

2023-05-26 20:25:43 - [MESSAGE][PASSED] - Object: 'Object Repository/Object_Store/Sign_Store/button_ng k' is clicked on

2023-05-26 20:25:43 - [TEST_STEP][PASSED] - closeBrowser(): Browser is closed

2023-05-26 20:25:43 - [MESSAGE][PASSED] - Browser is closed]]></system-out>
         <system-err><![CDATA[]]></system-err>
      </testcase>
      <system-out><![CDATA[2023-05-26 20:25:12 - [TEST_SUITE][PASSED] - New Test Suite: Test Cases/Test_Web/Sign]]></system-out>
      <system-err><![CDATA[]]></system-err>
   </testsuite>
</testsuites>
