<?xml version="1.0" encoding="UTF-8"?>
<testsuites name="TS_STORE" time="18.967" tests="2" failures="0" errors="0">
   <testsuite name="TS_STORE" tests="2" failures="0" errors="0" time="18.967" skipped="0" timestamp="2023-06-03 14:33:08" hostname="LY NGUYEN - DESKTOP-U2ICIKM" id="Test Suites/Testsuite/TS_STORE">
      <properties>
         <property name="deviceName" value=""/>
         <property name="devicePlatform" value=""/>
         <property name="logFolder" value="D:\\CNTT\\KLTN\\demo\\Reports\\20230603_143257\\Testsuite\\TS_STORE\\20230603_143257"/>
         <property name="logFiles" value="D:\\CNTT\\KLTN\\demo\\Reports\\20230603_143257\\Testsuite\\TS_STORE\\20230603_143257\\execution0.log"/>
         <property name="attachments" value=""/>
         <property name="hostName" value="LY NGUYEN - DESKTOP-U2ICIKM"/>
         <property name="os" value="Windows 10 64bit"/>
         <property name="katalonVersion" value="8.4.0.208"/>
         <property name="browser" value="Chrome 113.0.0.0"/>
         <property name="hostAddress" value="192.168.20.146"/>
         <property name="sessionId" value="d8de958ac52c2ba51a06be2ffe4a6934"/>
         <property name="seleniumVersion" value="3.141.59"/>
         <property name="proxyInformation" value="ProxyInformation { proxyOption=NO_PROXY, proxyServerType=HTTP, username=, password=********, proxyServerAddress=, proxyServerPort=0, executionList=&quot;&quot;, isApplyToDesiredCapabilities=true }"/>
         <property name="platform" value="Windows 10"/>
      </properties>
      <testcase name="Test Cases/Test_Web/Login" time="11.728" classname="Test Cases/Test_Web/Login" status="PASSED">
         <system-out><![CDATA[2023-06-03 14:33:08 - [TEST_CASE][PASSED] - Test Cases/Test_Web/Login: Test Cases/Test_Web/Login

2023-06-03 14:33:09 - [TEST_STEP][PASSED] - openBrowser(""): Browser is opened with url: ''

2023-06-03 14:33:09 - [MESSAGE][INFO] - Starting 'Chrome' driver

2023-06-03 14:33:09 - [MESSAGE][INFO] - Action delay is set to 0 milliseconds

2023-06-03 14:33:12 - [MESSAGE][PASSED] - Browser is opened with url: ''

2023-06-03 14:33:12 - [TEST_STEP][PASSED] - customMethod.Login_Store.loginStore(email, pass): customMethod.Login_Store.loginStore is PASSED

2023-06-03 14:33:12 - [MESSAGE][PASSED] - Current window maximized

2023-06-03 14:33:14 - [MESSAGE][PASSED] - Navigate to 'http://localhost:3000/account/login' successfully

2023-06-03 14:33:15 - [MESSAGE][PASSED] - Text 'lynguyen62471105@gmail.com' is set on object 'Object Repository/Object_Store/Login_Store/input_Email'

2023-06-03 14:33:16 - [MESSAGE][PASSED] - Text ****** has been set on object 'Object Repository/Object_Store/Login_Store/input_Pass'

2023-06-03 14:33:16 - [MESSAGE][PASSED] - Object: 'Object Repository/Object_Store/Login_Store/btn_Login' is clicked on

2023-06-03 14:33:17 - [MESSAGE][PASSED] - Actual text and expected text of test object 'Object Repository/Object_Store/Login_Store/span_a' are matched.

2023-06-03 14:33:18 - [MESSAGE][PASSED] - Delayed 1 second(s)

2023-06-03 14:33:19 - [MESSAGE][PASSED] - Text of object 'Object Repository/Object_Store/Login_Store/span_a' is: 'lycute123'

2023-06-03 14:33:19 - [MESSAGE][PASSED] - Actual object 'lycute123' and expected object 'lycute123' are equal

2023-06-03 14:33:19 - [MESSAGE][PASSED] - customMethod.Login_Store.loginStore is PASSED

2023-06-03 14:33:19 - [TEST_STEP][PASSED] - closeBrowser(): Browser is closed

2023-06-03 14:33:20 - [MESSAGE][PASSED] - Browser is closed]]></system-out>
         <system-err><![CDATA[]]></system-err>
      </testcase>
      <testcase name="Test Cases/Test_Web/Login_fail" time="6.82" classname="Test Cases/Test_Web/Login_fail" status="PASSED">
         <system-out><![CDATA[2023-06-03 14:33:20 - [TEST_CASE][PASSED] - Test Cases/Test_Web/Login_fail: Test Cases/Test_Web/Login_fail

2023-06-03 14:33:20 - [TEST_STEP][PASSED] - openBrowser(""): Browser is opened with url: ''

2023-06-03 14:33:20 - [MESSAGE][INFO] - Starting 'Chrome' driver

2023-06-03 14:33:20 - [MESSAGE][INFO] - Action delay is set to 0 milliseconds

2023-06-03 14:33:22 - [MESSAGE][PASSED] - Browser is opened with url: ''

2023-06-03 14:33:22 - [TEST_STEP][PASSED] - navigateToUrl("http://localhost:3000/account/login"): Navigate to 'http://localhost:3000/account/login' successfully

2023-06-03 14:33:23 - [MESSAGE][PASSED] - Navigate to 'http://localhost:3000/account/login' successfully

2023-06-03 14:33:23 - [TEST_STEP][PASSED] - setText(findTestObject("Object Repository/Object_Store/Login_Store/input_Email"), EMAIL): Text 'lynguyen62471105@gmail.com' is set on object 'Object Repository/Object_Store/Login_Store/input_Email'

2023-06-03 14:33:24 - [MESSAGE][PASSED] - Text 'lynguyen62471105@gmail.com' is set on object 'Object Repository/Object_Store/Login_Store/input_Email'

2023-06-03 14:33:24 - [TEST_STEP][PASSED] - setEncryptedText(findTestObject("Object Repository/Object_Store/Login_Store/input_Pass"), PASS_FAIL): Text ****** has been set on object 'Object Repository/Object_Store/Login_Store/input_Pass'

2023-06-03 14:33:24 - [MESSAGE][PASSED] - Text ****** has been set on object 'Object Repository/Object_Store/Login_Store/input_Pass'

2023-06-03 14:33:24 - [TEST_STEP][PASSED] - click(findTestObject("Object Repository/Object_Store/Login_Store/btn_Login")): Object: 'Object Repository/Object_Store/Login_Store/btn_Login' is clicked on

2023-06-03 14:33:25 - [MESSAGE][PASSED] - Object: 'Object Repository/Object_Store/Login_Store/btn_Login' is clicked on

2023-06-03 14:33:25 - [TEST_STEP][PASSED] - verifyElementText(findTestObject("Object_Store/Login_Store/toast_login_fail"), "Đăng nhập thất bại!"): Actual text and expected text of test object 'Object Repository/Object_Store/Login_Store/toast_login_fail' are matched.

2023-06-03 14:33:26 - [MESSAGE][PASSED] - Actual text and expected text of test object 'Object Repository/Object_Store/Login_Store/toast_login_fail' are matched.

2023-06-03 14:33:26 - [TEST_STEP][PASSED] - verifyEqual("Đăng nhập thất bại!", "Đăng nhập thất bại!"): Actual object 'Đăng nhập thất bại!' and expected object 'Đăng nhập thất bại!' are equal

2023-06-03 14:33:26 - [MESSAGE][PASSED] - Actual object 'Đăng nhập thất bại!' and expected object 'Đăng nhập thất bại!' are equal

2023-06-03 14:33:26 - [TEST_STEP][PASSED] - closeBrowser(): Browser is closed

2023-06-03 14:33:27 - [MESSAGE][PASSED] - Browser is closed]]></system-out>
         <system-err><![CDATA[]]></system-err>
      </testcase>
      <system-out><![CDATA[2023-06-03 14:33:08 - [TEST_SUITE][PASSED] - TS_STORE: Test Cases/Test_Web/Login_fail]]></system-out>
      <system-err><![CDATA[]]></system-err>
   </testsuite>
</testsuites>
